<?xml version="1.0" encoding="utf-8"?><testsuites><testsuite errors="0" failures="0" hostname="karthikb-win10" name="pytest" skipped="0" tests="3" time="22.972" timestamp="2020-07-17T00:16:55.107555"><testcase classname="test_HomePage.TestHomePage" file="test_HomePage.py" line="11" name="test_formSubmussion[getData0]" time="7.420"></testcase><testcase classname="test_HomePage.TestHomePage" file="test_HomePage.py" line="11" name="test_formSubmussion[getData1]" time="1.188"></testcase><testcase classname="test_e2e.TestOne" file="test_e2e.py" line="14" name="test_e2e" time="14.265"></testcase></testsuite></testsuites>